<?xml version="1.0" encoding="UTF-8"?>
<!-- Generated by org.testng.reporters.JUnitReportReporter -->
<testsuite hostname="VAIO-VAIO" name="com.learntestng.SampleTest" tests="1" failures="0" timestamp="11 Oct 2015 04:29:48 GMT" time="0.022" errors="0">
  <testcase name="Sampletest" time="0.022" classname="com.learntestng.SampleTest"/>
</testsuite>
