<?xml version="1.0" encoding="UTF-8"?>
<!-- Generated by org.testng.reporters.JUnitReportReporter -->
<testsuite hostname="VAIO-VAIO" name="com.learntestng.AppTest" tests="1" failures="0" timestamp="11 Oct 2015 04:29:48 GMT" time="0.002" errors="0">
  <testcase name="SendMail" time="0.002" classname="com.learntestng.AppTest"/>
</testsuite>
