<?xml version="1.0" encoding="UTF-8"?>
<!-- Generated by org.testng.reporters.JUnitReportReporter -->
<testsuite hostname="VAIO-VAIO" name="com.learntestng.AppTest" tests="1" failures="0" timestamp="13 Oct 2015 15:12:40 GMT" time="0.021" errors="0">
  <testcase name="SendMail" time="0.021" classname="com.learntestng.AppTest"/>
</testsuite>
