<?xml version="1.0" encoding="UTF-8"?>
<!-- Generated by org.testng.reporters.JUnitReportReporter -->
<testsuite hostname="VAIO-VAIO" name="com.learntestng.SampleTest" tests="1" failures="0" timestamp="13 Oct 2015 15:12:40 GMT" time="0.001" errors="0">
  <testcase name="Sampletest" time="0.001" classname="com.learntestng.SampleTest"/>
</testsuite>
